0 info it worked if it ends with ok
1 verbose cli [ 'c:\\Program Files\\nodejs\\node.exe',
1 verbose cli   'c:\\Users\\Mark.DArensbourg\\AppData\\Roaming\\npm\\node_modules\\npm\\bin\\npm-cli.js',
1 verbose cli   'version',
1 verbose cli   'patch' ]
2 info using npm@3.7.1
3 info using node@v6.2.1
4 info git [ 'status', '--porcelain' ]
5 info lifecycle knockout.transitions@1.0.1~preversion: knockout.transitions@1.0.1
6 silly lifecycle knockout.transitions@1.0.1~preversion: no script for preversion, continuing
7 verbose version.write data { name: 'knockout.transitions',
7 verbose version.write   version: '1.0.1',
7 verbose version.write   description: 'Simple knockout bindings to apply jQuery transitions to elements',
7 verbose version.write   main: 'knockout.transitions.js',
7 verbose version.write   scripts: { lint: 'eslint . --format=unix' },
7 verbose version.write   author: 'CivicSource',
7 verbose version.write   license: 'ISC',
7 verbose version.write   devDependencies:
7 verbose version.write    { 'babel-eslint': '6.x',
7 verbose version.write      eslint: '2.x',
7 verbose version.write      'eslint-plugin-filenames': '1.x' },
7 verbose version.write   dependencies: { jquery: '>=1.10' },
7 verbose version.write   peerDependencies: { knockout: '3.x' } } to package.json
8 info lifecycle knockout.transitions@1.0.1~version: knockout.transitions@1.0.1
9 silly lifecycle knockout.transitions@1.0.1~version: no script for version, continuing
10 info git [ 'add', 'c:\\dev\\knockout-transitions\\package.json' ]
11 info git [ 'commit', '-m', '1.0.1' ]
12 info git [ 'tag', 'v1.0.1', '-am', '1.0.1' ]
13 verbose stack Error: Command failed: git -c core.longpaths=true tag v1.0.1 -am 1.0.1
13 verbose stack fatal: tag 'v1.0.1' already exists
13 verbose stack
13 verbose stack     at ChildProcess.exithandler (child_process.js:207:12)
13 verbose stack     at emitTwo (events.js:106:13)
13 verbose stack     at ChildProcess.emit (events.js:191:7)
13 verbose stack     at maybeClose (internal/child_process.js:852:16)
13 verbose stack     at Process.ChildProcess._handle.onexit (internal/child_process.js:215:5)
14 verbose cwd c:\dev\knockout-transitions
15 error Windows_NT 10.0.10586
16 error argv "c:\\Program Files\\nodejs\\node.exe" "c:\\Users\\Mark.DArensbourg\\AppData\\Roaming\\npm\\node_modules\\npm\\bin\\npm-cli.js" "version" "patch"
17 error node v6.2.1
18 error npm  v3.7.1
19 error code 128
20 error Command failed: git -c core.longpaths=true tag v1.0.1 -am 1.0.1
20 error fatal: tag 'v1.0.1' already exists
21 error If you need help, you may report this error at:
21 error     <https://github.com/npm/npm/issues>
22 verbose exit [ 1, true ]
